============================================
     NEXACORE NETWORK MONITOR REPORT        
     Date: Fri Apr 17 08:57:22 AM EDT 2026                          
============================================

[*] ACTIVE NETWORK INTERFACES
--------------------------------------------
1: lo: <LOOPBACK,UP,LOWER_UP> mtu 65536 qdisc noqueue state UNKNOWN mode DEFAULT group default qlen 1000
2: eth0: <BROADCAST,MULTICAST,UP,LOWER_UP> mtu 1500 qdisc fq_codel state UP mode DEFAULT group default qlen 1000

[*] ACTIVE NETWORK CONNECTIONS
--------------------------------------------
Netid State  Recv-Q Send-Q  Local Address:Port   Peer Address:PortProcess                                
udp   ESTAB  0      0      10.0.2.15%eth0:68         10.0.2.2:67                                         
tcp   LISTEN 0      128           0.0.0.0:22          0.0.0.0:*                                          
tcp   ESTAB  0      0           10.0.2.15:55052 34.107.243.93:443  users:(("firefox-esr",pid=9742,fd=85))
tcp   LISTEN 0      128              [::]:22             [::]:*                                          

[*] LISTENING PORTS
--------------------------------------------
Netid State  Recv-Q Send-Q Local Address:Port Peer Address:Port
tcp   LISTEN 0      128          0.0.0.0:22        0.0.0.0:*   
tcp   LISTEN 0      128             [::]:22           [::]:*   

[*] PORT SCAN DETECTION
--------------------------------------------
[OK] No port scan activity detected

[*] FAILED SSH LOGIN ATTEMPTS
--------------------------------------------
[OK] No failed SSH login attempts detected

[*] SUSPICIOUS OUTBOUND CONNECTIONS
--------------------------------------------
[INFO] Active outbound connections to:
34.107.243.93

[*] TOP TALKERS (MOST ACTIVE IPs)
--------------------------------------------
      1 34.107.243.93

[*] NETWORK INTERFACE STATISTICS
--------------------------------------------
Inter-|   Receive                                                |  Transmit
 face |bytes    packets errs drop fifo frame compressed multicast|bytes    packets errs drop fifo colls carrier compressed
    lo:  223592    4403    0    0    0     0          0         0   223592    4403    0    0    0     0       0          0
  eth0: 41938304   34952    0    0    0     0          0        18  1528014   20587    0    0    0     0       0          0

============================================
         MONITORING COMPLETE                
============================================
